Change Dir: 'C:/Program Files (x86)/Steam/steamapps/common/Quake 2/rerelease/modding/src/rerelease/vcpkg_installed/vcpkg/blds/jsoncpp/x64-windows-dbg'

Run Build Command(s): "C:/Program Files/Microsoft Visual Studio/2022/Community/Common7/IDE/CommonExtensions/Microsoft/CMake/Ninja/ninja.exe" -v -v -j15 install
[1/8] C:\PROGRA~1\MIB055~1\2022\COMMUN~1\VC\Tools\MSVC\1439~1.335\bin\Hostx64\x64\cl.exe   /TP -DJSON_DLL_BUILD -Djsoncpp_lib_EXPORTS -I"C:\Program Files (x86)\Steam\steamapps\common\Quake 2\rerelease\modding\src\rerelease\vcpkg_installed\vcpkg\blds\jsoncpp\src\3918c327b1-034a82149a.clean\include" -I"C:\Program Files (x86)\Steam\steamapps\common\Quake 2\rerelease\modding\src\rerelease\vcpkg_installed\vcpkg\blds\jsoncpp\src\3918c327b1-034a82149a.clean\src\lib_json\..\..\include" -I"C:\Program Files (x86)\Steam\steamapps\common\Quake 2\rerelease\modding\src\rerelease\vcpkg_installed\vcpkg\blds\jsoncpp\x64-windows-dbg\include\json" /nologo /DWIN32 /D_WINDOWS /W3 /utf-8 /GR /EHsc /MP  /D_DEBUG /MDd /Z7 /Ob0 /Od /RTC1  /W4 /showIncludes /Fosrc\lib_json\CMakeFiles\jsoncpp_lib.dir\json_writer.cpp.obj /Fdsrc\lib_json\CMakeFiles\jsoncpp_lib.dir\ /FS -c "C:\Program Files (x86)\Steam\steamapps\common\Quake 2\rerelease\modding\src\rerelease\vcpkg_installed\vcpkg\blds\jsoncpp\src\3918c327b1-034a82149a.clean\src\lib_json\json_writer.cpp"
cl : Command line warning D9025 : overriding '/W3' with '/W4'
C:\Program Files (x86)\Steam\steamapps\common\Quake 2\rerelease\modding\src\rerelease\vcpkg_installed\vcpkg\blds\jsoncpp\src\3918c327b1-034a82149a.clean\include\json\value.h(67): warning C4275: non dll-interface class 'std::exception' used as base for dll-interface class 'Json::Exception'
C:\Program Files\Microsoft Visual Studio\2022\Community\VC\Tools\MSVC\14.39.33519\include\vcruntime_exception.h(48): note: see declaration of 'std::exception'
C:\Program Files (x86)\Steam\steamapps\common\Quake 2\rerelease\modding\src\rerelease\vcpkg_installed\vcpkg\blds\jsoncpp\src\3918c327b1-034a82149a.clean\include\json\value.h(67): note: see declaration of 'Json::Exception'
[2/8] C:\PROGRA~1\MIB055~1\2022\COMMUN~1\VC\Tools\MSVC\1439~1.335\bin\Hostx64\x64\cl.exe   /TP -DJSON_DLL_BUILD -I"C:\Program Files (x86)\Steam\steamapps\common\Quake 2\rerelease\modding\src\rerelease\vcpkg_installed\vcpkg\blds\jsoncpp\src\3918c327b1-034a82149a.clean\include" -I"C:\Program Files (x86)\Steam\steamapps\common\Quake 2\rerelease\modding\src\rerelease\vcpkg_installed\vcpkg\blds\jsoncpp\src\3918c327b1-034a82149a.clean\src\lib_json\..\..\include" -I"C:\Program Files (x86)\Steam\steamapps\common\Quake 2\rerelease\modding\src\rerelease\vcpkg_installed\vcpkg\blds\jsoncpp\x64-windows-dbg\include\json" /nologo /DWIN32 /D_WINDOWS /W3 /utf-8 /GR /EHsc /MP  /D_DEBUG /MDd /Z7 /Ob0 /Od /RTC1  /W4 /showIncludes /Fosrc\lib_json\CMakeFiles\jsoncpp_object.dir\json_value.cpp.obj /Fdsrc\lib_json\CMakeFiles\jsoncpp_object.dir\ /FS -c "C:\Program Files (x86)\Steam\steamapps\common\Quake 2\rerelease\modding\src\rerelease\vcpkg_installed\vcpkg\blds\jsoncpp\src\3918c327b1-034a82149a.clean\src\lib_json\json_value.cpp"
cl : Command line warning D9025 : overriding '/W3' with '/W4'
C:\Program Files (x86)\Steam\steamapps\common\Quake 2\rerelease\modding\src\rerelease\vcpkg_installed\vcpkg\blds\jsoncpp\src\3918c327b1-034a82149a.clean\include\json/value.h(67): warning C4275: non dll-interface class 'std::exception' used as base for dll-interface class 'Json::Exception'
C:\Program Files\Microsoft Visual Studio\2022\Community\VC\Tools\MSVC\14.39.33519\include\vcruntime_exception.h(48): note: see declaration of 'std::exception'
C:\Program Files (x86)\Steam\steamapps\common\Quake 2\rerelease\modding\src\rerelease\vcpkg_installed\vcpkg\blds\jsoncpp\src\3918c327b1-034a82149a.clean\include\json/value.h(67): note: see declaration of 'Json::Exception'
[3/8] C:\PROGRA~1\MIB055~1\2022\COMMUN~1\VC\Tools\MSVC\1439~1.335\bin\Hostx64\x64\cl.exe   /TP -DJSON_DLL_BUILD -I"C:\Program Files (x86)\Steam\steamapps\common\Quake 2\rerelease\modding\src\rerelease\vcpkg_installed\vcpkg\blds\jsoncpp\src\3918c327b1-034a82149a.clean\include" -I"C:\Program Files (x86)\Steam\steamapps\common\Quake 2\rerelease\modding\src\rerelease\vcpkg_installed\vcpkg\blds\jsoncpp\src\3918c327b1-034a82149a.clean\src\lib_json\..\..\include" -I"C:\Program Files (x86)\Steam\steamapps\common\Quake 2\rerelease\modding\src\rerelease\vcpkg_installed\vcpkg\blds\jsoncpp\x64-windows-dbg\include\json" /nologo /DWIN32 /D_WINDOWS /W3 /utf-8 /GR /EHsc /MP  /D_DEBUG /MDd /Z7 /Ob0 /Od /RTC1  /W4 /showIncludes /Fosrc\lib_json\CMakeFiles\jsoncpp_object.dir\json_writer.cpp.obj /Fdsrc\lib_json\CMakeFiles\jsoncpp_object.dir\ /FS -c "C:\Program Files (x86)\Steam\steamapps\common\Quake 2\rerelease\modding\src\rerelease\vcpkg_installed\vcpkg\blds\jsoncpp\src\3918c327b1-034a82149a.clean\src\lib_json\json_writer.cpp"
cl : Command line warning D9025 : overriding '/W3' with '/W4'
C:\Program Files (x86)\Steam\steamapps\common\Quake 2\rerelease\modding\src\rerelease\vcpkg_installed\vcpkg\blds\jsoncpp\src\3918c327b1-034a82149a.clean\include\json\value.h(67): warning C4275: non dll-interface class 'std::exception' used as base for dll-interface class 'Json::Exception'
C:\Program Files\Microsoft Visual Studio\2022\Community\VC\Tools\MSVC\14.39.33519\include\vcruntime_exception.h(48): note: see declaration of 'std::exception'
C:\Program Files (x86)\Steam\steamapps\common\Quake 2\rerelease\modding\src\rerelease\vcpkg_installed\vcpkg\blds\jsoncpp\src\3918c327b1-034a82149a.clean\include\json\value.h(67): note: see declaration of 'Json::Exception'
[4/8] C:\PROGRA~1\MIB055~1\2022\COMMUN~1\VC\Tools\MSVC\1439~1.335\bin\Hostx64\x64\cl.exe   /TP -DJSON_DLL_BUILD -Djsoncpp_lib_EXPORTS -I"C:\Program Files (x86)\Steam\steamapps\common\Quake 2\rerelease\modding\src\rerelease\vcpkg_installed\vcpkg\blds\jsoncpp\src\3918c327b1-034a82149a.clean\include" -I"C:\Program Files (x86)\Steam\steamapps\common\Quake 2\rerelease\modding\src\rerelease\vcpkg_installed\vcpkg\blds\jsoncpp\src\3918c327b1-034a82149a.clean\src\lib_json\..\..\include" -I"C:\Program Files (x86)\Steam\steamapps\common\Quake 2\rerelease\modding\src\rerelease\vcpkg_installed\vcpkg\blds\jsoncpp\x64-windows-dbg\include\json" /nologo /DWIN32 /D_WINDOWS /W3 /utf-8 /GR /EHsc /MP  /D_DEBUG /MDd /Z7 /Ob0 /Od /RTC1  /W4 /showIncludes /Fosrc\lib_json\CMakeFiles\jsoncpp_lib.dir\json_value.cpp.obj /Fdsrc\lib_json\CMakeFiles\jsoncpp_lib.dir\ /FS -c "C:\Program Files (x86)\Steam\steamapps\common\Quake 2\rerelease\modding\src\rerelease\vcpkg_installed\vcpkg\blds\jsoncpp\src\3918c327b1-034a82149a.clean\src\lib_json\json_value.cpp"
cl : Command line warning D9025 : overriding '/W3' with '/W4'
C:\Program Files (x86)\Steam\steamapps\common\Quake 2\rerelease\modding\src\rerelease\vcpkg_installed\vcpkg\blds\jsoncpp\src\3918c327b1-034a82149a.clean\include\json/value.h(67): warning C4275: non dll-interface class 'std::exception' used as base for dll-interface class 'Json::Exception'
C:\Program Files\Microsoft Visual Studio\2022\Community\VC\Tools\MSVC\14.39.33519\include\vcruntime_exception.h(48): note: see declaration of 'std::exception'
C:\Program Files (x86)\Steam\steamapps\common\Quake 2\rerelease\modding\src\rerelease\vcpkg_installed\vcpkg\blds\jsoncpp\src\3918c327b1-034a82149a.clean\include\json/value.h(67): note: see declaration of 'Json::Exception'
[5/8] C:\PROGRA~1\MIB055~1\2022\COMMUN~1\VC\Tools\MSVC\1439~1.335\bin\Hostx64\x64\cl.exe   /TP -DJSON_DLL_BUILD -Djsoncpp_lib_EXPORTS -I"C:\Program Files (x86)\Steam\steamapps\common\Quake 2\rerelease\modding\src\rerelease\vcpkg_installed\vcpkg\blds\jsoncpp\src\3918c327b1-034a82149a.clean\include" -I"C:\Program Files (x86)\Steam\steamapps\common\Quake 2\rerelease\modding\src\rerelease\vcpkg_installed\vcpkg\blds\jsoncpp\src\3918c327b1-034a82149a.clean\src\lib_json\..\..\include" -I"C:\Program Files (x86)\Steam\steamapps\common\Quake 2\rerelease\modding\src\rerelease\vcpkg_installed\vcpkg\blds\jsoncpp\x64-windows-dbg\include\json" /nologo /DWIN32 /D_WINDOWS /W3 /utf-8 /GR /EHsc /MP  /D_DEBUG /MDd /Z7 /Ob0 /Od /RTC1  /W4 /showIncludes /Fosrc\lib_json\CMakeFiles\jsoncpp_lib.dir\json_reader.cpp.obj /Fdsrc\lib_json\CMakeFiles\jsoncpp_lib.dir\ /FS -c "C:\Program Files (x86)\Steam\steamapps\common\Quake 2\rerelease\modding\src\rerelease\vcpkg_installed\vcpkg\blds\jsoncpp\src\3918c327b1-034a82149a.clean\src\lib_json\json_reader.cpp"
cl : Command line warning D9025 : overriding '/W3' with '/W4'
C:\Program Files (x86)\Steam\steamapps\common\Quake 2\rerelease\modding\src\rerelease\vcpkg_installed\vcpkg\blds\jsoncpp\src\3918c327b1-034a82149a.clean\include\json\value.h(67): warning C4275: non dll-interface class 'std::exception' used as base for dll-interface class 'Json::Exception'
C:\Program Files\Microsoft Visual Studio\2022\Community\VC\Tools\MSVC\14.39.33519\include\vcruntime_exception.h(48): note: see declaration of 'std::exception'
C:\Program Files (x86)\Steam\steamapps\common\Quake 2\rerelease\modding\src\rerelease\vcpkg_installed\vcpkg\blds\jsoncpp\src\3918c327b1-034a82149a.clean\include\json\value.h(67): note: see declaration of 'Json::Exception'
[6/8] C:\PROGRA~1\MIB055~1\2022\COMMUN~1\VC\Tools\MSVC\1439~1.335\bin\Hostx64\x64\cl.exe   /TP -DJSON_DLL_BUILD -I"C:\Program Files (x86)\Steam\steamapps\common\Quake 2\rerelease\modding\src\rerelease\vcpkg_installed\vcpkg\blds\jsoncpp\src\3918c327b1-034a82149a.clean\include" -I"C:\Program Files (x86)\Steam\steamapps\common\Quake 2\rerelease\modding\src\rerelease\vcpkg_installed\vcpkg\blds\jsoncpp\src\3918c327b1-034a82149a.clean\src\lib_json\..\..\include" -I"C:\Program Files (x86)\Steam\steamapps\common\Quake 2\rerelease\modding\src\rerelease\vcpkg_installed\vcpkg\blds\jsoncpp\x64-windows-dbg\include\json" /nologo /DWIN32 /D_WINDOWS /W3 /utf-8 /GR /EHsc /MP  /D_DEBUG /MDd /Z7 /Ob0 /Od /RTC1  /W4 /showIncludes /Fosrc\lib_json\CMakeFiles\jsoncpp_object.dir\json_reader.cpp.obj /Fdsrc\lib_json\CMakeFiles\jsoncpp_object.dir\ /FS -c "C:\Program Files (x86)\Steam\steamapps\common\Quake 2\rerelease\modding\src\rerelease\vcpkg_installed\vcpkg\blds\jsoncpp\src\3918c327b1-034a82149a.clean\src\lib_json\json_reader.cpp"
cl : Command line warning D9025 : overriding '/W3' with '/W4'
C:\Program Files (x86)\Steam\steamapps\common\Quake 2\rerelease\modding\src\rerelease\vcpkg_installed\vcpkg\blds\jsoncpp\src\3918c327b1-034a82149a.clean\include\json\value.h(67): warning C4275: non dll-interface class 'std::exception' used as base for dll-interface class 'Json::Exception'
C:\Program Files\Microsoft Visual Studio\2022\Community\VC\Tools\MSVC\14.39.33519\include\vcruntime_exception.h(48): note: see declaration of 'std::exception'
C:\Program Files (x86)\Steam\steamapps\common\Quake 2\rerelease\modding\src\rerelease\vcpkg_installed\vcpkg\blds\jsoncpp\src\3918c327b1-034a82149a.clean\include\json\value.h(67): note: see declaration of 'Json::Exception'
[7/8] cmd.exe /C "cd . && C:\Users\vielg\AppData\Local\vcpkg\downloads\tools\cmake-3.27.1-windows\cmake-3.27.1-windows-i386\bin\cmake.exe -E vs_link_dll --intdir=src\lib_json\CMakeFiles\jsoncpp_lib.dir --rc=C:\PROGRA~2\WI3CF2~1\10\bin\100226~1.0\x64\rc.exe --mt=C:\PROGRA~2\WI3CF2~1\10\bin\100226~1.0\x64\mt.exe --manifests  -- C:\PROGRA~1\MIB055~1\2022\COMMUN~1\VC\Tools\MSVC\1439~1.335\bin\Hostx64\x64\link.exe  src\lib_json\CMakeFiles\jsoncpp_lib.dir\json_reader.cpp.obj src\lib_json\CMakeFiles\jsoncpp_lib.dir\json_value.cpp.obj src\lib_json\CMakeFiles\jsoncpp_lib.dir\json_writer.cpp.obj  /out:bin\jsoncpp.dll /implib:lib\jsoncpp.lib /pdb:bin\jsoncpp.pdb /dll /version:1.9 -- Install configuration: "Debug"
-- Installing: C:/Program Files (x86)/Steam/steamapps/common/Quake 2/rerelease/modding/src/rerelease/vcpkg_installed/vcpkg/pkgs/jsoncpp_x64-windows/debug/lib/cmake/jsoncpp/jsoncppConfig.cmake
-- Installing: C:/Program Files (x86)/Steam/steamapps/common/Quake 2/rerelease/modding/src/rerelease/vcpkg_installed/vcpkg/pkgs/jsoncpp_x64-windows/debug/lib/cmake/jsoncpp/jsoncppConfig-debug.cmake
-- Installing: C:/Program Files (x86)/Steam/steamapps/common/Quake 2/rerelease/modding/src/rerelease/vcpkg_installed/vcpkg/pkgs/jsoncpp_x64-windows/debug/lib/cmake/jsoncpp/jsoncppConfigVersion.cmake
-- Installing: C:/Program Files (x86)/Steam/steamapps/common/Quake 2/rerelease/modding/src/rerelease/vcpkg_installed/vcpkg/pkgs/jsoncpp_x64-windows/debug/lib/jsoncpp.lib
-- Installing: C:/Program Files (x86)/Steam/steamapps/common/Quake 2/rerelease/modding/src/rerelease/vcpkg_installed/vcpkg/pkgs/jsoncpp_x64-windows/debug/bin/jsoncpp.dll
-- Installing: C:/Program Files (x86)/Steam/steamapps/common/Quake 2/rerelease/modding/src/rerelease/vcpkg_installed/vcpkg/pkgs/jsoncpp_x64-windows/debug/lib/objects-Debug/jsoncpp_object/json_reader.cpp.obj
-- Installing: C:/Program Files (x86)/Steam/steamapps/common/Quake 2/rerelease/modding/src/rerelease/vcpkg_installed/vcpkg/pkgs/jsoncpp_x64-windows/debug/lib/objects-Debug/jsoncpp_object/json_value.cpp.obj
-- Installing: C:/Program Files (x86)/Steam/steamapps/common/Quake 2/rerelease/modding/src/rerelease/vcpkg_installed/vcpkg/pkgs/jsoncpp_x64-windows/debug/lib/objects-Debug/jsoncpp_object/json_writer.cpp.obj
-- Installing: C:/Program Files (x86)/Steam/steamapps/common/Quake 2/rerelease/modding/src/rerelease/vcpkg_installed/vcpkg/pkgs/jsoncpp_x64-windows/debug/include/json/allocator.h
-- Installing: C:/Program Files (x86)/Steam/steamapps/common/Quake 2/rerelease/modding/src/rerelease/vcpkg_installed/vcpkg/pkgs/jsoncpp_x64-windows/debug/include/json/assertions.h
-- Installing: C:/Program Files (x86)/Steam/steamapps/common/Quake 2/rerelease/modding/src/rerelease/vcpkg_installed/vcpkg/pkgs/jsoncpp_x64-windows/debug/include/json/config.h
-- Installing: C:/Program Files (x86)/Steam/steamapps/common/Quake 2/rerelease/modding/src/rerelease/vcpkg_installed/vcpkg/pkgs/jsoncpp_x64-windows/debug/include/json/forwards.h
-- Installing: C:/Program Files (x86)/Steam/steamapps/common/Quake 2/rerelease/modding/src/rerelease/vcpkg_installed/vcpkg/pkgs/jsoncpp_x64-windows/debug/include/json/json.h
-- Installing: C:/Program Files (x86)/Steam/steamapps/common/Quake 2/rerelease/modding/src/rerelease/vcpkg_installed/vcpkg/pkgs/jsoncpp_x64-windows/debug/include/json/json_features.h
-- Installing: C:/Program Files (x86)/Steam/steamapps/common/Quake 2/rerelease/modding/src/rerelease/vcpkg_installed/vcpkg/pkgs/jsoncpp_x64-windows/debug/include/json/reader.h
-- Installing: C:/Program Files (x86)/Steam/steamapps/common/Quake 2/rerelease/modding/src/rerelease/vcpkg_installed/vcpkg/pkgs/jsoncpp_x64-windows/debug/include/json/value.h
-- Installing: C:/Program Files (x86)/Steam/steamapps/common/Quake 2/rerelease/modding/src/rerelease/vcpkg_installed/vcpkg/pkgs/jsoncpp_x64-windows/debug/include/json/version.h
-- Installing: C:/Program Files (x86)/Steam/steamapps/common/Quake 2/rerelease/modding/src/rerelease/vcpkg_installed/vcpkg/pkgs/jsoncpp_x64-windows/debug/include/json/writer.h
/machine:x64 /nologo    /debug /INCREMENTAL  kernel32.lib user32.lib gdi32.lib winspool.lib shell32.lib ole32.lib oleaut32.lib uuid.lib comdlg32.lib advapi32.lib  && cd ."
[7/8] cmd.exe /C "cd /D "C:\Program Files (x86)\Steam\steamapps\common\Quake 2\rerelease\modding\src\rerelease\vcpkg_installed\vcpkg\blds\jsoncpp\x64-windows-dbg" && C:\Users\vielg\AppData\Local\vcpkg\downloads\tools\cmake-3.27.1-windows\cmake-3.27.1-windows-i386\bin\cmake.exe -P cmake_install.cmake"

