[1/2] "C:/Users/vielg/AppData/Local/vcpkg/downloads/tools/cmake-3.27.1-windows/cmake-3.27.1-windows-i386/bin/cmake.exe" -S "C:/Program Files (x86)/Steam/steamapps/common/Quake 2/rerelease/modding/src/rerelease/vcpkg_installed/vcpkg/blds/fmt/src/2b3b374f0b-8ea71ee8ea.clean" -B .. "-DFMT_CMAKE_DIR=share/fmt" "-DFMT_TEST=OFF" "-DFMT_DOC=OFF" "-DCMAKE_MAKE_PROGRAM=C:/Program Files/Microsoft Visual Studio/2022/Community/Common7/IDE/CommonExtensions/Microsoft/CMake/Ninja/ninja.exe" "-DBUILD_SHARED_LIBS=ON" "-DVCPKG_CHAINLOAD_TOOLCHAIN_FILE=C:/Program Files/Microsoft Visual Studio/2022/Community/VC/vcpkg/scripts/toolchains/windows.cmake" "-DVCPKG_TARGET_TRIPLET=x64-windows" "-DVCPKG_SET_CHARSET_FLAG=ON" "-DVCPKG_PLATFORM_TOOLSET=v143" "-DCMAKE_EXPORT_NO_PACKAGE_REGISTRY=ON" "-DCMAKE_FIND_PACKAGE_NO_PACKAGE_REGISTRY=ON" "-DCMAKE_FIND_PACKAGE_NO_SYSTEM_PACKAGE_REGISTRY=ON" "-DCMAKE_INSTALL_SYSTEM_RUNTIME_LIBS_SKIP=TRUE" "-DCMAKE_VERBOSE_MAKEFILE=ON" "-DVCPKG_APPLOCAL_DEPS=OFF" "-DCMAKE_TOOLCHAIN_FILE=C:/Program Files/Microsoft Visual Studio/2022/Community/VC/vcpkg/scripts/buildsystems/vcpkg.cmake" "-DCMAKE_ERROR_ON_ABSOLUTE_INSTALL_DESTINATION=ON" "-DVCPKG_CXX_FLAGS=" "-DVCPKG_CXX_FLAGS_RELEASE=" "-DVCPKG_CXX_FLAGS_DEBUG=" "-DVCPKG_C_FLAGS=" "-DVCPKG_C_FLAGS_RELEASE=" "-DVCPKG_C_FLAGS_DEBUG=" "-DVCPKG_CRT_LINKAGE=dynamic" "-DVCPKG_LINKER_FLAGS=" "-DVCPKG_LINKER_FLAGS_RELEASE=" "-DVCPKG_LINKER_FLAGS_DEBUG=" "-DVCPKG_TARGET_ARCHITECTURE=x64" "-DCMAKE_INSTALL_LIBDIR:STRING=lib" "-DCMAKE_INSTALL_BINDIR:STRING=bin" "-D_VCPKG_ROOT_DIR=C:/Program Files/Microsoft Visual Studio/2022/Community/VC/vcpkg" "-D_VCPKG_INSTALLED_DIR=C:/Program Files (x86)/Steam/steamapps/common/Quake 2/rerelease/modding/src/rerelease/vcpkg_installed" "-DVCPKG_MANIFEST_INSTALL=OFF" "-DCMAKE_DISABLE_SOURCE_CHANGES=ON" -G "Ninja" "-DCMAKE_BUILD_TYPE=Release" "-DCMAKE_INSTALL_PREFIX=C:/Program Files (x86)/Steam/steamapps/common/Quake 2/rerelease/modding/src/rerelease/vcpkg_installed/vcpkg/pkgs/fmt_x64-windows"
-- CMake version: 3.27.1
-- The CXX compiler identification is MSVC 19.39.33523.0
-- Detecting CXX compiler ABI info
-- Detecting CXX compiler ABI info - done
-- Check for working CXX compiler: C:/Program Files/Microsoft Visual Studio/2022/Community/VC/Tools/MSVC/14.39.33519/bin/Hostx64/x64/cl.exe - skipped
-- Detecting CXX compile features
-- Detecting CXX compile features - done
-- Version: 7.1.3
-- Build type: Release
-- CXX_STANDARD: 11
-- Performing Test has_std_11_flag
-- Performing Test has_std_11_flag - Failed
-- Performing Test has_std_0x_flag
-- Performing Test has_std_0x_flag - Failed
-- Performing Test SUPPORTS_USER_DEFINED_LITERALS
-- Performing Test SUPPORTS_USER_DEFINED_LITERALS - Success
-- Performing Test FMT_HAS_VARIANT
-- Performing Test FMT_HAS_VARIANT - Success
-- Required features: cxx_variadic_templates
-- Looking for _strtod_l
-- Looking for _strtod_l - found
-- Configuring done (2.1s)
-- Generating done (0.0s)
CMake Warning:
  Manually-specified variables were not used by the project:

    _VCPKG_ROOT_DIR


-- Build files have been written to: C:/Program Files (x86)/Steam/steamapps/common/Quake 2/rerelease/modding/src/rerelease/vcpkg_installed/vcpkg/blds/fmt/x64-windows-rel
[2/2] "C:/Users/vielg/AppData/Local/vcpkg/downloads/tools/cmake-3.27.1-windows/cmake-3.27.1-windows-i386/bin/cmake.exe" -S "C:/Program Files (x86)/Steam/steamapps/common/Quake 2/rerelease/modding/src/rerelease/vcpkg_installed/vcpkg/blds/fmt/src/2b3b374f0b-8ea71ee8ea.clean" -B "../../x64-windows-dbg" "-DFMT_CMAKE_DIR=share/fmt" "-DFMT_TEST=OFF" "-DFMT_DOC=OFF" "-DCMAKE_MAKE_PROGRAM=C:/Program Files/Microsoft Visual Studio/2022/Community/Common7/IDE/CommonExtensions/Microsoft/CMake/Ninja/ninja.exe" "-DBUILD_SHARED_LIBS=ON" "-DVCPKG_CHAINLOAD_TOOLCHAIN_FILE=C:/Program Files/Microsoft Visual Studio/2022/Community/VC/vcpkg/scripts/toolchains/windows.cmake" "-DVCPKG_TARGET_TRIPLET=x64-windows" "-DVCPKG_SET_CHARSET_FLAG=ON" "-DVCPKG_PLATFORM_TOOLSET=v143" "-DCMAKE_EXPORT_NO_PACKAGE_REGISTRY=ON" "-DCMAKE_FIND_PACKAGE_NO_PACKAGE_REGISTRY=ON" "-DCMAKE_FIND_PACKAGE_NO_SYSTEM_PACKAGE_REGISTRY=ON" "-DCMAKE_INSTALL_SYSTEM_RUNTIME_LIBS_SKIP=TRUE" "-DCMAKE_VERBOSE_MAKEFILE=ON" "-DVCPKG_APPLOCAL_DEPS=OFF" "-DCMAKE_TOOLCHAIN_FILE=C:/Program Files/Microsoft Visual Studio/2022/Community/VC/vcpkg/scripts/buildsystems/vcpkg.cmake" "-DCMAKE_ERROR_ON_ABSOLUTE_INSTALL_DESTINATION=ON" "-DVCPKG_CXX_FLAGS=" "-DVCPKG_CXX_FLAGS_RELEASE=" "-DVCPKG_CXX_FLAGS_DEBUG=" "-DVCPKG_C_FLAGS=" "-DVCPKG_C_FLAGS_RELEASE=" "-DVCPKG_C_FLAGS_DEBUG=" "-DVCPKG_CRT_LINKAGE=dynamic" "-DVCPKG_LINKER_FLAGS=" "-DVCPKG_LINKER_FLAGS_RELEASE=" "-DVCPKG_LINKER_FLAGS_DEBUG=" "-DVCPKG_TARGET_ARCHITECTURE=x64" "-DCMAKE_INSTALL_LIBDIR:STRING=lib" "-DCMAKE_INSTALL_BINDIR:STRING=bin" "-D_VCPKG_ROOT_DIR=C:/Program Files/Microsoft Visual Studio/2022/Community/VC/vcpkg" "-D_VCPKG_INSTALLED_DIR=C:/Program Files (x86)/Steam/steamapps/common/Quake 2/rerelease/modding/src/rerelease/vcpkg_installed" "-DVCPKG_MANIFEST_INSTALL=OFF" "-DCMAKE_DISABLE_SOURCE_CHANGES=ON" -G "Ninja" "-DCMAKE_BUILD_TYPE=Debug" "-DCMAKE_INSTALL_PREFIX=C:/Program Files (x86)/Steam/steamapps/common/Quake 2/rerelease/modding/src/rerelease/vcpkg_installed/vcpkg/pkgs/fmt_x64-windows/debug"
-- CMake version: 3.27.1
-- The CXX compiler identification is MSVC 19.39.33523.0
-- Detecting CXX compiler ABI info
-- Detecting CXX compiler ABI info - done
-- Check for working CXX compiler: C:/Program Files/Microsoft Visual Studio/2022/Community/VC/Tools/MSVC/14.39.33519/bin/Hostx64/x64/cl.exe - skipped
-- Detecting CXX compile features
-- Detecting CXX compile features - done
-- Version: 7.1.3
-- Build type: Debug
-- CXX_STANDARD: 11
-- Performing Test has_std_11_flag
-- Performing Test has_std_11_flag - Failed
-- Performing Test has_std_0x_flag
-- Performing Test has_std_0x_flag - Failed
-- Performing Test SUPPORTS_USER_DEFINED_LITERALS
-- Performing Test SUPPORTS_USER_DEFINED_LITERALS - Success
-- Performing Test FMT_HAS_VARIANT
-- Performing Test FMT_HAS_VARIANT - Success
-- Required features: cxx_variadic_templates
-- Looking for _strtod_l
-- Looking for _strtod_l - found
-- Configuring done (2.1s)
-- Generating done (0.0s)
CMake Warning:
  Manually-specified variables were not used by the project:

    _VCPKG_ROOT_DIR


-- Build files have been written to: C:/Program Files (x86)/Steam/steamapps/common/Quake 2/rerelease/modding/src/rerelease/vcpkg_installed/vcpkg/blds/fmt/x64-windows-dbg
