Change Dir: 'C:/Program Files (x86)/Steam/steamapps/common/Quake 2/rerelease/modding/src/rerelease/vcpkg_installed/vcpkg/blds/fmt/x64-windows-dbg'

Run Build Command(s): "C:/Program Files/Microsoft Visual Studio/2022/Community/Common7/IDE/CommonExtensions/Microsoft/CMake/Ninja/ninja.exe" -v -v -j15 install
[1/4] C:\PROGRA~1\MIB055~1\2022\COMMUN~1\VC\Tools\MSVC\1439~1.335\bin\Hostx64\x64\cl.exe   /TP -DFMT_EXPORT -DFMT_LOCALE -Dfmt_EXPORTS -I"C:\Program Files (x86)\Steam\steamapps\common\Quake 2\rerelease\modding\src\rerelease\vcpkg_installed\vcpkg\blds\fmt\src\2b3b374f0b-8ea71ee8ea.clean\include" /nologo /DWIN32 /D_WINDOWS /W3 /utf-8 /GR /EHsc /MP  /D_DEBUG /MDd /Z7 /Ob0 /Od /RTC1  -MDd /showIncludes /FoCMakeFiles\fmt.dir\src\os.cc.obj /FdCMakeFiles\fmt.dir\ /FS -c "C:\Program Files (x86)\Steam\steamapps\common\Quake 2\rerelease\modding\src\rerelease\vcpkg_installed\vcpkg\blds\fmt\src\2b3b374f0b-8ea71ee8ea.clean\src\os.cc"
[2/4] C:\PROGRA~1\MIB055~1\2022\COMMUN~1\VC\Tools\MSVC\1439~1.335\bin\Hostx64\x64\cl.exe   /TP -DFMT_EXPORT -DFMT_LOCALE -Dfmt_EXPORTS -I"C:\Program Files (x86)\Steam\steamapps\common\Quake 2\rerelease\modding\src\rerelease\vcpkg_installed\vcpkg\blds\fmt\src\2b3b374f0b-8ea71ee8ea.clean\include" /nologo /DWIN32 /D_WINDOWS /W3 /utf-8 /GR /EHsc /MP  /D_DEBUG /MDd /Z7 /Ob0 /Od /RTC1  -MDd /showIncludes /FoCMakeFiles\fmt.dir\src\format.cc.obj /FdCMakeFiles\fmt.dir\ /FS -c "C:\Program Files (x86)\Steam\steamapps\common\Quake 2\rerelease\modding\src\rerelease\vcpkg_installed\vcpkg\blds\fmt\src\2b3b374f0b-8ea71ee8ea.clean\src\format.cc"
[3/4] cmd.exe /C "cd . && C:\Users\vielg\AppData\Local\vcpkg\downloads\tools\cmake-3.27.1-windows\cmake-3.27.1-windows-i386\bin\cmake.exe -E vs_link_dll --intdir=CMakeFiles\fmt.dir --rc=C:\PROGRA~2\WI3CF2~1\10\bin\100226~1.0\x64\rc.exe --mt=C:\PROGRA~2\WI3CF2~1\10\bin\100226~1.0\x64\mt.exe --manifests  -- C:\PROGRA~1\MIB055~1\2022\COMMUN~1\VC\Tools\MSVC\1439~1.335\bin\Hostx64\x64\link.exe  CMakeFiles\fmt.dir\src\format.cc.obj CMakeFiles\fmt.dir\src\os.cc.obj  /out:bin\fmtd.dll /implib:fmtd.lib /pdb:bin\fmtd.pdb /dll /version:7.1 /machine:x64 /nologo    /debug /INCREMENTAL  kernel32.lib user32.lib gdi32.lib winspool.lib shell32.lib ole32.lib oleaut32.lib uuid.lib comdlg32.lib advapi32.lib  && cd ."
[3/4] cmd.exe /C "cd /D "C:\Program Files (x86)\Steam\steamapps\common\Quak-- Install configuration: "Debug"
-- Installing: C:/Program Files (x86)/Steam/steamapps/common/Quake 2/rerelease/modding/src/rerelease/vcpkg_installed/vcpkg/pkgs/fmt_x64-windows/debug/share/fmt/fmt-config.cmake
-- Installing: C:/Program Files (x86)/Steam/steamapps/common/Quake 2/rerelease/modding/src/rerelease/vcpkg_installed/vcpkg/pkgs/fmt_x64-windows/debug/share/fmt/fmt-config-version.cmake
-- Installing: C:/Program Files (x86)/Steam/steamapps/common/Quake 2/rerelease/modding/src/rerelease/vcpkg_installed/vcpkg/pkgs/fmt_x64-windows/debug/share/fmt/fmt-targets.cmake
-- Installing: C:/Program Files (x86)/Steam/steamapps/common/Quake 2/rerelease/modding/src/rerelease/vcpkg_installed/vcpkg/pkgs/fmt_x64-windows/debug/share/fmt/fmt-targets-debug.cmake
-- Installing: C:/Program Files (x86)/Steam/steamapps/common/Quake 2/rerelease/modding/src/rerelease/vcpkg_installed/vcpkg/pkgs/fmt_x64-windows/debug/lib/fmtd.lib
-- Installing: C:/Program Files (x86)/Steam/steamapps/common/Quake 2/rerelease/modding/src/rerelease/vcpkg_installed/vcpkg/pkgs/fmt_x64-windows/debug/bin/fmtd.dll
-- Installing: C:/Program Files (x86)/Steam/steamapps/common/Quake 2/rerelease/modding/src/rerelease/vcpkg_installed/vcpkg/pkgs/fmt_x64-windows/debug/include/fmt/chrono.h
-- Installing: C:/Program Files (x86)/Steam/steamapps/common/Quake 2/rerelease/modding/src/rerelease/vcpkg_installed/vcpkg/pkgs/fmt_x64-windows/debug/include/fmt/color.h
-- Installing: C:/Program Files (x86)/Steam/steamapps/common/Quake 2/rerelease/modding/src/rerelease/vcpkg_installed/vcpkg/pkgs/fmt_x64-windows/debug/include/fmt/compile.h
-- Installing: C:/Program Files (x86)/Steam/steamapps/common/Quake 2/rerelease/modding/src/rerelease/vcpkg_installed/vcpkg/pkgs/fmt_x64-windows/debug/include/fmt/core.h
-- Installing: C:/Program Files (x86)/Steam/steamapps/common/Quake 2/rerelease/modding/src/rerelease/vcpkg_installed/vcpkg/pkgs/fmt_x64-windows/debug/include/fmt/format.h
-- Installing: C:/Program Files (x86)/Steam/steamapps/common/Quake 2/rerelease/modding/src/rerelease/vcpkg_installed/vcpkg/pkgs/fmt_x64-windows/debug/include/fmt/format-inl.h
-- Installing: C:/Program Files (x86)/Steam/steamapps/common/Quake 2/rerelease/modding/src/rerelease/vcpkg_installed/vcpkg/pkgs/fmt_x64-windows/debug/include/fmt/locale.h
-- Installing: C:/Program Files (x86)/Steam/steamapps/common/Quake 2/rerelease/modding/src/rerelease/vcpkg_installed/vcpkg/pkgs/fmt_x64-windows/debug/include/fmt/os.h
-- Installing: C:/Program Files (x86)/Steam/steamapps/common/Quake 2/rerelease/modding/src/rerelease/vcpkg_installed/vcpkg/pkgs/fmt_x64-windows/debug/include/fmt/ostream.h
-- Installing: C:/Program Files (x86)/Steam/steamapps/common/Quake 2/rerelease/modding/src/rerelease/vcpkg_installed/vcpkg/pkgs/fmt_x64-windows/debug/include/fmt/posix.h
-- Installing: C:/Program Files (x86)/Steam/steamapps/common/Quake 2/rerelease/modding/src/rerelease/vcpkg_installed/vcpkg/pkgs/fmt_x64-windows/debug/include/fmt/printf.h
-- Installing: C:/Program Files (x86)/Steam/steamapps/common/Quake 2/rerelease/modding/src/rerelease/vcpkg_installed/vcpkg/pkgs/fmt_x64-windows/debug/include/fmt/ranges.h
-- Installing: C:/Program Files (x86)/Steam/steamapps/common/Quake 2/rerelease/modding/src/rerelease/vcpkg_installed/vcpkg/pkgs/fmt_x64-windows/debug/lib/pkgconfig/fmt.pc
e 2\rerelease\modding\src\rerelease\vcpkg_installed\vcpkg\blds\fmt\x64-windows-dbg" && C:\Users\vielg\AppData\Local\vcpkg\downloads\tools\cmake-3.27.1-windows\cmake-3.27.1-windows-i386\bin\cmake.exe -P cmake_install.cmake"

