C:\Program Files\Microsoft Visual Studio\2022\Community\MSBuild\Microsoft\VC\v170\Microsoft.CppBuild.targets(517,5): warning MSB8004: Output Directory does not end with a trailing slash.  This build instance will add the slash as it is required to allow proper evaluation of the Output Directory.
  bot_debug.cpp
  bot_exports.cpp
  bot_think.cpp
  bot_utils.cpp
  cg_main.cpp
  cg_screen.cpp
  g_ctf.cpp
  p_ctf_menu.cpp
  g_ai.cpp
  g_chase.cpp
  g_cmds.cpp
  g_combat.cpp
  g_func.cpp
  g_items.cpp
  g_main.cpp
  g_misc.cpp
  g_monster.cpp
  g_phys.cpp
  g_save.cpp
  g_spawn.cpp
  g_svcmds.cpp
  g_target.cpp
  g_trigger.cpp
  g_turret.cpp
  g_utils.cpp
  g_weapon.cpp
  m_actor.cpp
C:\Users\vielg\quake2-full\rerelease\src\rerelease\g_phys.cpp(418,18): warning C4101: 'mv': unreferenced local variable
  m_arachnid.cpp
  m_berserk.cpp
  m_boss2.cpp
  m_boss3.cpp
  m_boss31.cpp
  m_boss32.cpp
  m_brain.cpp
  m_chick.cpp
  m_flipper.cpp
  m_float.cpp
  m_flyer.cpp
  m_gladiator.cpp
  m_guardian.cpp
  m_guncmdr.cpp
  m_gunner.cpp
  m_hover.cpp
  m_infantry.cpp
  m_insane.cpp
  m_medic.cpp
  m_move.cpp
  m_mutant.cpp
  m_parasite.cpp
  m_shambler.cpp
  m_soldier.cpp
  m_supertank.cpp
  m_tank.cpp
  p_client.cpp
  p_hud.cpp
  p_move.cpp
  p_trail.cpp
  p_view.cpp
  p_weapon.cpp
  q_std.cpp
  g_rogue_combat.cpp
  g_rogue_func.cpp
  g_rogue_items.cpp
  g_rogue_misc.cpp
  g_rogue_monster.cpp
  g_rogue_newai.cpp
  g_rogue_newdm.cpp
  g_rogue_newfnc.cpp
  g_rogue_newtarg.cpp
  g_rogue_newtrig.cpp
  g_rogue_newweap.cpp
  g_rogue_phys.cpp
  g_rogue_spawn.cpp
  g_rogue_sphere.cpp
  g_rogue_utils.cpp
  m_rogue_carrier.cpp
  m_rogue_stalker.cpp
  m_rogue_turret.cpp
  m_rogue_widow.cpp
  m_rogue_widow2.cpp
  p_rogue_weapon.cpp
  rogue_dm_ball.cpp
  rogue_dm_tag.cpp
  g_xatrix_func.cpp
  g_xatrix_items.cpp
  g_xatrix_misc.cpp
  g_xatrix_monster.cpp
  g_xatrix_target.cpp
  g_xatrix_weapon.cpp
  m_xatrix_fixbot.cpp
  m_xatrix_gekk.cpp
  p_xatrix_weapon.cpp
     Creating library C:\Program Files (x86)\Steam\steamapps\common\Quake 2\rerelease\modding\game_x64.lib and object C:\Program Files (x86)\Steam\steamapps\common\Quake 2\rerelease\modding\game_x64.exp
  Generating code
  9819 of 9853 functions (99.7%) were compiled, the rest were copied from previous compilation.
    1504 functions were new in current compilation
    3 functions had inline decision re-evaluated but remain unchanged
  Finished generating code
  game.vcxproj -> C:\Program Files (x86)\Steam\steamapps\common\Quake 2\rerelease\modding\game_x64.dll
